<?xml version="1.0" encoding="UTF-8"?>
<!-- Generated by org.testng.reporters.JUnitReportReporter -->
<testsuite hostname="AvinashJ" failures="0" tests="1" name="com.vtiger.ProdVendTest.CreateProductTest" time="7.785" errors="0" timestamp="2022-01-30T20:45:04 IST" skipped="0">
  <testcase classname="com.vtiger.ProdVendTest.CreateProductTest" name="productCreateTest" time="7.785"/>
  <system-out/>
</testsuite> <!-- com.vtiger.ProdVendTest.CreateProductTest -->
